<?xml version="1.0" encoding="UTF-8"?>
<testsuite name="Cucumber" time="101.841" tests="2" skipped="0" failures="2" errors="0">
<testcase classname="Uploading different types of files" name="User can upload only one file" time="81.353">
<failure type="java.lang.AssertionError" message="Element not found: Proxy element for: DefaultElementLocator 'By.xpath: (//span[.='Notes &amp; Attachments'])[6]'">
<![CDATA[java.lang.AssertionError: Element not found: Proxy element for: DefaultElementLocator 'By.xpath: (//span[.='Notes & Attachments'])[6]'
	at org.junit.Assert.fail(Assert.java:89)
	at com.salesforceDev.utilities.BrowserUtilities.verifyElementDisplayed(BrowserUtilities.java:26)
	at com.salesforceDev.stepDefinitions.FileUploadingFuncStepDefs.userClicksViewAllButton(FileUploadingFuncStepDefs.java:49)
	at ✽.user clicks view all button(file:///C:/Users/Administrator/IdeaProjects/SalesforceDevFileUploadFunction/src/test/resources/features/uploadFile.feature:7)
]]>
</failure>
<system-out><![CDATA[
Given user is on the homepage of the application............................passed
When user uploads only one file.............................................passed
And user clicks view all button.............................................failed
Then user should be able to see the uploaded file there.....................skipped
]]></system-out>
</testcase>
<testcase classname="Uploading different types of files" name="User can upload multiple files" time="20.363">
<failure type="org.openqa.selenium.ElementClickInterceptedException" message="element click intercepted: Element &lt;button aria-expanded=&quot;false&quot; aria-haspopup=&quot;true&quot; type=&quot;button&quot; class=&quot;slds-button slds-icon-waffle_container slds-context-bar__button slds-button forceHeaderButton salesforceIdentityAppLauncherHeader&quot; data-aura-rendered-by=&quot;458:83;a&quot; data-aura-class=&quot;forceHeaderButton salesforceIdentityAppLauncherHeader&quot;&gt;...&lt;/button&gt; is not clickable at point (40, 69). Other element would receive the click: &lt;div role=&quot;dialog&quot; aria-labelledby=&quot;title_2598:0&quot; aria-describedby=&quot;content_2598:0&quot; tabindex=&quot;-1&quot; aria-modal=&quot;true&quot; class=&quot;panel slds-modal slds-modal--prompt slds-fade-in-open&quot; data-aura-rendered-by=&quot;2615:0&quot; style=&quot;opacity: 1;&quot;&gt;...&lt;/div&gt;
  (Session info: chrome=114.0.5735.199)
Build info: version: '4.8.1', revision: '8ebccac989'
System info: os.name: 'Windows 11', os.arch: 'amd64', os.version: '10.0', java.version: '11.0.18'
Driver info: org.openqa.selenium.chrome.ChromeDriver
Command: [49fd6fd9f06e76fb479180070f927642, clickElement {id=72A956043209484D8C8567B185762B12_element_89}]
Capabilities {acceptInsecureCerts: false, browserName: chrome, browserVersion: 114.0.5735.199, chrome: {chromedriverVersion: 114.0.5735.90 (386bc09e8f4f..., userDataDir: C:\WINDOWS\SystemTemp\scope...}, goog:chromeOptions: {debuggerAddress: localhost:62137}, networkConnectionEnabled: false, pageLoadStrategy: normal, platformName: WINDOWS, proxy: Proxy(), se:cdp: ws://localhost:62137/devtoo..., se:cdpVersion: 114.0.5735.199, setWindowRect: true, strictFileInteractability: false, timeouts: {implicit: 0, pageLoad: 300000, script: 30000}, unhandledPromptBehavior: dismiss and notify, webauthn:extension:credBlob: true, webauthn:extension:largeBlob: true, webauthn:extension:minPinLength: true, webauthn:extension:prf: true, webauthn:virtualAuthenticators: true}
Element: [[ChromeDriver: chrome on WINDOWS (49fd6fd9f06e76fb479180070f927642)] -&gt; xpath: //button[. = 'App Launcher']]
Session ID: 49fd6fd9f06e76fb479180070f927642">
<![CDATA[org.openqa.selenium.ElementClickInterceptedException: element click intercepted: Element <button aria-expanded="false" aria-haspopup="true" type="button" class="slds-button slds-icon-waffle_container slds-context-bar__button slds-button forceHeaderButton salesforceIdentityAppLauncherHeader" data-aura-rendered-by="458:83;a" data-aura-class="forceHeaderButton salesforceIdentityAppLauncherHeader">...</button> is not clickable at point (40, 69). Other element would receive the click: <div role="dialog" aria-labelledby="title_2598:0" aria-describedby="content_2598:0" tabindex="-1" aria-modal="true" class="panel slds-modal slds-modal--prompt slds-fade-in-open" data-aura-rendered-by="2615:0" style="opacity: 1;">...</div>
  (Session info: chrome=114.0.5735.199)
Build info: version: '4.8.1', revision: '8ebccac989'
System info: os.name: 'Windows 11', os.arch: 'amd64', os.version: '10.0', java.version: '11.0.18'
Driver info: org.openqa.selenium.chrome.ChromeDriver
Command: [49fd6fd9f06e76fb479180070f927642, clickElement {id=72A956043209484D8C8567B185762B12_element_89}]
Capabilities {acceptInsecureCerts: false, browserName: chrome, browserVersion: 114.0.5735.199, chrome: {chromedriverVersion: 114.0.5735.90 (386bc09e8f4f..., userDataDir: C:\WINDOWS\SystemTemp\scope...}, goog:chromeOptions: {debuggerAddress: localhost:62137}, networkConnectionEnabled: false, pageLoadStrategy: normal, platformName: WINDOWS, proxy: Proxy(), se:cdp: ws://localhost:62137/devtoo..., se:cdpVersion: 114.0.5735.199, setWindowRect: true, strictFileInteractability: false, timeouts: {implicit: 0, pageLoad: 300000, script: 30000}, unhandledPromptBehavior: dismiss and notify, webauthn:extension:credBlob: true, webauthn:extension:largeBlob: true, webauthn:extension:minPinLength: true, webauthn:extension:prf: true, webauthn:virtualAuthenticators: true}
Element: [[ChromeDriver: chrome on WINDOWS (49fd6fd9f06e76fb479180070f927642)] -> xpath: //button[. = 'App Launcher']]
Session ID: 49fd6fd9f06e76fb479180070f927642
	at java.base/jdk.internal.reflect.NativeConstructorAccessorImpl.newInstance0(Native Method)
	at java.base/jdk.internal.reflect.NativeConstructorAccessorImpl.newInstance(NativeConstructorAccessorImpl.java:62)
	at java.base/jdk.internal.reflect.DelegatingConstructorAccessorImpl.newInstance(DelegatingConstructorAccessorImpl.java:45)
	at java.base/java.lang.reflect.Constructor.newInstance(Constructor.java:490)
	at org.openqa.selenium.remote.codec.w3c.W3CHttpResponseCodec.createException(W3CHttpResponseCodec.java:200)
	at org.openqa.selenium.remote.codec.w3c.W3CHttpResponseCodec.decode(W3CHttpResponseCodec.java:133)
	at org.openqa.selenium.remote.codec.w3c.W3CHttpResponseCodec.decode(W3CHttpResponseCodec.java:53)
	at org.openqa.selenium.remote.HttpCommandExecutor.execute(HttpCommandExecutor.java:184)
	at org.openqa.selenium.remote.service.DriverCommandExecutor.invokeExecute(DriverCommandExecutor.java:167)
	at org.openqa.selenium.remote.service.DriverCommandExecutor.execute(DriverCommandExecutor.java:142)
	at org.openqa.selenium.remote.RemoteWebDriver.execute(RemoteWebDriver.java:543)
	at org.openqa.selenium.remote.RemoteWebElement.execute(RemoteWebElement.java:257)
	at org.openqa.selenium.remote.RemoteWebElement.click(RemoteWebElement.java:78)
	at java.base/jdk.internal.reflect.NativeMethodAccessorImpl.invoke0(Native Method)
	at java.base/jdk.internal.reflect.NativeMethodAccessorImpl.invoke(NativeMethodAccessorImpl.java:62)
	at java.base/jdk.internal.reflect.DelegatingMethodAccessorImpl.invoke(DelegatingMethodAccessorImpl.java:43)
	at java.base/java.lang.reflect.Method.invoke(Method.java:566)
	at org.openqa.selenium.support.pagefactory.internal.LocatingElementHandler.invoke(LocatingElementHandler.java:52)
	at com.sun.proxy.$Proxy22.click(Unknown Source)
	at com.salesforceDev.stepDefinitions.Hooks.setDriver(Hooks.java:35)
]]>
</failure>
<system-out><![CDATA[
Given user is on the homepage of the application............................skipped
When user uploads different files at the same time..........................skipped
And user clicks view all button.............................................skipped
]]></system-out>
</testcase>
</testsuite>
